
code.elf:     file format elf32-avr


Disassembly of section .text:

00000000 <__vectors>:
   0:	0c 94 34 00 	jmp	0x68	; 0x68 <__ctors_end>
   4:	0c 94 46 00 	jmp	0x8c	; 0x8c <__bad_interrupt>
   8:	0c 94 46 00 	jmp	0x8c	; 0x8c <__bad_interrupt>
   c:	0c 94 46 00 	jmp	0x8c	; 0x8c <__bad_interrupt>
  10:	0c 94 46 00 	jmp	0x8c	; 0x8c <__bad_interrupt>
  14:	0c 94 46 00 	jmp	0x8c	; 0x8c <__bad_interrupt>
  18:	0c 94 46 00 	jmp	0x8c	; 0x8c <__bad_interrupt>
  1c:	0c 94 46 00 	jmp	0x8c	; 0x8c <__bad_interrupt>
  20:	0c 94 46 00 	jmp	0x8c	; 0x8c <__bad_interrupt>
  24:	0c 94 46 00 	jmp	0x8c	; 0x8c <__bad_interrupt>
  28:	0c 94 46 00 	jmp	0x8c	; 0x8c <__bad_interrupt>
  2c:	0c 94 46 00 	jmp	0x8c	; 0x8c <__bad_interrupt>
  30:	0c 94 46 00 	jmp	0x8c	; 0x8c <__bad_interrupt>
  34:	0c 94 46 00 	jmp	0x8c	; 0x8c <__bad_interrupt>
  38:	0c 94 46 00 	jmp	0x8c	; 0x8c <__bad_interrupt>
  3c:	0c 94 46 00 	jmp	0x8c	; 0x8c <__bad_interrupt>
  40:	0c 94 46 00 	jmp	0x8c	; 0x8c <__bad_interrupt>
  44:	0c 94 46 00 	jmp	0x8c	; 0x8c <__bad_interrupt>
  48:	0c 94 46 00 	jmp	0x8c	; 0x8c <__bad_interrupt>
  4c:	0c 94 46 00 	jmp	0x8c	; 0x8c <__bad_interrupt>
  50:	0c 94 46 00 	jmp	0x8c	; 0x8c <__bad_interrupt>
  54:	0c 94 46 00 	jmp	0x8c	; 0x8c <__bad_interrupt>
  58:	0c 94 46 00 	jmp	0x8c	; 0x8c <__bad_interrupt>
  5c:	0c 94 46 00 	jmp	0x8c	; 0x8c <__bad_interrupt>
  60:	0c 94 46 00 	jmp	0x8c	; 0x8c <__bad_interrupt>
  64:	0c 94 46 00 	jmp	0x8c	; 0x8c <__bad_interrupt>

00000068 <__ctors_end>:
  68:	11 24       	eor	r1, r1
  6a:	1f be       	out	0x3f, r1	; 63
  6c:	cf ef       	ldi	r28, 0xFF	; 255
  6e:	d8 e0       	ldi	r29, 0x08	; 8
  70:	de bf       	out	0x3e, r29	; 62
  72:	cd bf       	out	0x3d, r28	; 61

00000074 <__do_clear_bss>:
  74:	21 e0       	ldi	r18, 0x01	; 1
  76:	a0 e0       	ldi	r26, 0x00	; 0
  78:	b1 e0       	ldi	r27, 0x01	; 1
  7a:	01 c0       	rjmp	.+2      	; 0x7e <.do_clear_bss_start>

0000007c <.do_clear_bss_loop>:
  7c:	1d 92       	st	X+, r1

0000007e <.do_clear_bss_start>:
  7e:	a6 30       	cpi	r26, 0x06	; 6
  80:	b2 07       	cpc	r27, r18
  82:	e1 f7       	brne	.-8      	; 0x7c <.do_clear_bss_loop>
  84:	0e 94 48 00 	call	0x90	; 0x90 <main>
  88:	0c 94 8b 00 	jmp	0x116	; 0x116 <_exit>

0000008c <__bad_interrupt>:
  8c:	0c 94 00 00 	jmp	0	; 0x0 <__vectors>

00000090 <main>:
  90:	25 9a       	sbi	0x04, 5	; 4
  92:	2d 98       	cbi	0x05, 5	; 5
  94:	20 98       	cbi	0x04, 0	; 4
  96:	20 e2       	ldi	r18, 0x20	; 32
  98:	18 99       	sbic	0x03, 0	; 3
  9a:	08 c0       	rjmp	.+16     	; 0xac <main+0x1c>
  9c:	80 91 00 01 	lds	r24, 0x0100	; 0x800100 <__DATA_REGION_ORIGIN__>
  a0:	90 91 01 01 	lds	r25, 0x0101	; 0x800101 <__DATA_REGION_ORIGIN__+0x1>
  a4:	89 2b       	or	r24, r25
  a6:	c9 f4       	brne	.+50     	; 0xda <main+0x4a>
  a8:	2d 9a       	sbi	0x05, 5	; 5
  aa:	2e c0       	rjmp	.+92     	; 0x108 <main+0x78>
  ac:	81 e0       	ldi	r24, 0x01	; 1
  ae:	90 e0       	ldi	r25, 0x00	; 0
  b0:	40 91 00 01 	lds	r20, 0x0100	; 0x800100 <__DATA_REGION_ORIGIN__>
  b4:	50 91 01 01 	lds	r21, 0x0101	; 0x800101 <__DATA_REGION_ORIGIN__+0x1>
  b8:	45 2b       	or	r20, r21
  ba:	11 f0       	breq	.+4      	; 0xc0 <main+0x30>
  bc:	80 e0       	ldi	r24, 0x00	; 0
  be:	90 e0       	ldi	r25, 0x00	; 0
  c0:	90 93 01 01 	sts	0x0101, r25	; 0x800101 <__DATA_REGION_ORIGIN__+0x1>
  c4:	80 93 00 01 	sts	0x0100, r24	; 0x800100 <__DATA_REGION_ORIGIN__>
  c8:	18 9b       	sbis	0x03, 0	; 3
  ca:	e8 cf       	rjmp	.-48     	; 0x9c <main+0xc>
  cc:	8f e9       	ldi	r24, 0x9F	; 159
  ce:	9f e0       	ldi	r25, 0x0F	; 15
  d0:	01 97       	sbiw	r24, 0x01	; 1
  d2:	f1 f7       	brne	.-4      	; 0xd0 <main+0x40>
  d4:	00 c0       	rjmp	.+0      	; 0xd6 <main+0x46>
  d6:	00 00       	nop
  d8:	f7 cf       	rjmp	.-18     	; 0xc8 <main+0x38>
  da:	80 91 02 01 	lds	r24, 0x0102	; 0x800102 <tempo>
  de:	90 91 03 01 	lds	r25, 0x0103	; 0x800103 <tempo+0x1>
  e2:	84 3f       	cpi	r24, 0xF4	; 244
  e4:	91 40       	sbci	r25, 0x01	; 1
  e6:	3c f0       	brlt	.+14     	; 0xf6 <main+0x66>
  e8:	85 b1       	in	r24, 0x05	; 5
  ea:	82 27       	eor	r24, r18
  ec:	85 b9       	out	0x05, r24	; 5
  ee:	10 92 03 01 	sts	0x0103, r1	; 0x800103 <tempo+0x1>
  f2:	10 92 02 01 	sts	0x0102, r1	; 0x800102 <tempo>
  f6:	80 91 02 01 	lds	r24, 0x0102	; 0x800102 <tempo>
  fa:	90 91 03 01 	lds	r25, 0x0103	; 0x800103 <tempo+0x1>
  fe:	01 96       	adiw	r24, 0x01	; 1
 100:	90 93 03 01 	sts	0x0103, r25	; 0x800103 <tempo+0x1>
 104:	80 93 02 01 	sts	0x0102, r24	; 0x800102 <tempo>
 108:	8f e9       	ldi	r24, 0x9F	; 159
 10a:	9f e0       	ldi	r25, 0x0F	; 15
 10c:	01 97       	sbiw	r24, 0x01	; 1
 10e:	f1 f7       	brne	.-4      	; 0x10c <main+0x7c>
 110:	00 c0       	rjmp	.+0      	; 0x112 <main+0x82>
 112:	00 00       	nop
 114:	c1 cf       	rjmp	.-126    	; 0x98 <main+0x8>

00000116 <_exit>:
 116:	f8 94       	cli

00000118 <__stop_program>:
 118:	ff cf       	rjmp	.-2      	; 0x118 <__stop_program>
