
code.elf:     file format elf32-avr


Disassembly of section .text:

00000000 <__vectors>:
   0:	0c 94 34 00 	jmp	0x68	; 0x68 <__ctors_end>
   4:	0c 94 40 00 	jmp	0x80	; 0x80 <__vector_1>
   8:	0c 94 5d 00 	jmp	0xba	; 0xba <__vector_2>
   c:	0c 94 3e 00 	jmp	0x7c	; 0x7c <__bad_interrupt>
  10:	0c 94 3e 00 	jmp	0x7c	; 0x7c <__bad_interrupt>
  14:	0c 94 3e 00 	jmp	0x7c	; 0x7c <__bad_interrupt>
  18:	0c 94 3e 00 	jmp	0x7c	; 0x7c <__bad_interrupt>
  1c:	0c 94 3e 00 	jmp	0x7c	; 0x7c <__bad_interrupt>
  20:	0c 94 3e 00 	jmp	0x7c	; 0x7c <__bad_interrupt>
  24:	0c 94 3e 00 	jmp	0x7c	; 0x7c <__bad_interrupt>
  28:	0c 94 3e 00 	jmp	0x7c	; 0x7c <__bad_interrupt>
  2c:	0c 94 3e 00 	jmp	0x7c	; 0x7c <__bad_interrupt>
  30:	0c 94 3e 00 	jmp	0x7c	; 0x7c <__bad_interrupt>
  34:	0c 94 3e 00 	jmp	0x7c	; 0x7c <__bad_interrupt>
  38:	0c 94 3e 00 	jmp	0x7c	; 0x7c <__bad_interrupt>
  3c:	0c 94 3e 00 	jmp	0x7c	; 0x7c <__bad_interrupt>
  40:	0c 94 3e 00 	jmp	0x7c	; 0x7c <__bad_interrupt>
  44:	0c 94 3e 00 	jmp	0x7c	; 0x7c <__bad_interrupt>
  48:	0c 94 3e 00 	jmp	0x7c	; 0x7c <__bad_interrupt>
  4c:	0c 94 3e 00 	jmp	0x7c	; 0x7c <__bad_interrupt>
  50:	0c 94 3e 00 	jmp	0x7c	; 0x7c <__bad_interrupt>
  54:	0c 94 3e 00 	jmp	0x7c	; 0x7c <__bad_interrupt>
  58:	0c 94 3e 00 	jmp	0x7c	; 0x7c <__bad_interrupt>
  5c:	0c 94 3e 00 	jmp	0x7c	; 0x7c <__bad_interrupt>
  60:	0c 94 3e 00 	jmp	0x7c	; 0x7c <__bad_interrupt>
  64:	0c 94 3e 00 	jmp	0x7c	; 0x7c <__bad_interrupt>

00000068 <__ctors_end>:
  68:	11 24       	eor	r1, r1
  6a:	1f be       	out	0x3f, r1	; 63
  6c:	cf ef       	ldi	r28, 0xFF	; 255
  6e:	d8 e0       	ldi	r29, 0x08	; 8
  70:	de bf       	out	0x3e, r29	; 62
  72:	cd bf       	out	0x3d, r28	; 61
  74:	0e 94 79 00 	call	0xf2	; 0xf2 <main>
  78:	0c 94 8e 00 	jmp	0x11c	; 0x11c <_exit>

0000007c <__bad_interrupt>:
  7c:	0c 94 00 00 	jmp	0	; 0x0 <__vectors>

00000080 <__vector_1>:
  80:	1f 92       	push	r1
  82:	0f 92       	push	r0
  84:	0f b6       	in	r0, 0x3f	; 63
  86:	0f 92       	push	r0
  88:	11 24       	eor	r1, r1
  8a:	2f 93       	push	r18
  8c:	8f 93       	push	r24
  8e:	9f 93       	push	r25
  90:	95 b1       	in	r25, 0x05	; 5
  92:	80 e2       	ldi	r24, 0x20	; 32
  94:	89 27       	eor	r24, r25
  96:	85 b9       	out	0x05, r24	; 5
  98:	2f ef       	ldi	r18, 0xFF	; 255
  9a:	83 ec       	ldi	r24, 0xC3	; 195
  9c:	99 e0       	ldi	r25, 0x09	; 9
  9e:	21 50       	subi	r18, 0x01	; 1
  a0:	80 40       	sbci	r24, 0x00	; 0
  a2:	90 40       	sbci	r25, 0x00	; 0
  a4:	e1 f7       	brne	.-8      	; 0x9e <__vector_1+0x1e>
  a6:	00 c0       	rjmp	.+0      	; 0xa8 <__vector_1+0x28>
  a8:	00 00       	nop
  aa:	9f 91       	pop	r25
  ac:	8f 91       	pop	r24
  ae:	2f 91       	pop	r18
  b0:	0f 90       	pop	r0
  b2:	0f be       	out	0x3f, r0	; 63
  b4:	0f 90       	pop	r0
  b6:	1f 90       	pop	r1
  b8:	18 95       	reti

000000ba <__vector_2>:
  ba:	1f 92       	push	r1
  bc:	0f 92       	push	r0
  be:	0f b6       	in	r0, 0x3f	; 63
  c0:	0f 92       	push	r0
  c2:	11 24       	eor	r1, r1
  c4:	2f 93       	push	r18
  c6:	8f 93       	push	r24
  c8:	9f 93       	push	r25
  ca:	85 b1       	in	r24, 0x05	; 5
  cc:	80 58       	subi	r24, 0x80	; 128
  ce:	85 b9       	out	0x05, r24	; 5
  d0:	2f ef       	ldi	r18, 0xFF	; 255
  d2:	83 ec       	ldi	r24, 0xC3	; 195
  d4:	99 e0       	ldi	r25, 0x09	; 9
  d6:	21 50       	subi	r18, 0x01	; 1
  d8:	80 40       	sbci	r24, 0x00	; 0
  da:	90 40       	sbci	r25, 0x00	; 0
  dc:	e1 f7       	brne	.-8      	; 0xd6 <__vector_2+0x1c>
  de:	00 c0       	rjmp	.+0      	; 0xe0 <__vector_2+0x26>
  e0:	00 00       	nop
  e2:	9f 91       	pop	r25
  e4:	8f 91       	pop	r24
  e6:	2f 91       	pop	r18
  e8:	0f 90       	pop	r0
  ea:	0f be       	out	0x3f, r0	; 63
  ec:	0f 90       	pop	r0
  ee:	1f 90       	pop	r1
  f0:	18 95       	reti

000000f2 <main>:
  f2:	84 b1       	in	r24, 0x04	; 4
  f4:	80 6a       	ori	r24, 0xA0	; 160
  f6:	84 b9       	out	0x04, r24	; 4
  f8:	8a b1       	in	r24, 0x0a	; 10
  fa:	83 7f       	andi	r24, 0xF3	; 243
  fc:	8a b9       	out	0x0a, r24	; 10
  fe:	8c e0       	ldi	r24, 0x0C	; 12
 100:	8b b9       	out	0x0b, r24	; 11
 102:	83 e0       	ldi	r24, 0x03	; 3
 104:	80 93 69 00 	sts	0x0069, r24	; 0x800069 <__TEXT_REGION_LENGTH__+0x7f8069>
 108:	80 91 69 00 	lds	r24, 0x0069	; 0x800069 <__TEXT_REGION_LENGTH__+0x7f8069>
 10c:	88 60       	ori	r24, 0x08	; 8
 10e:	80 93 69 00 	sts	0x0069, r24	; 0x800069 <__TEXT_REGION_LENGTH__+0x7f8069>
 112:	8d b3       	in	r24, 0x1d	; 29
 114:	83 60       	ori	r24, 0x03	; 3
 116:	8d bb       	out	0x1d, r24	; 29
 118:	78 94       	sei
 11a:	ff cf       	rjmp	.-2      	; 0x11a <main+0x28>

0000011c <_exit>:
 11c:	f8 94       	cli

0000011e <__stop_program>:
 11e:	ff cf       	rjmp	.-2      	; 0x11e <__stop_program>
