
code.elf:     file format elf32-avr


Disassembly of section .text:

00000000 <__vectors>:
   0:	0c 94 34 00 	jmp	0x68	; 0x68 <__ctors_end>
   4:	0c 94 3e 00 	jmp	0x7c	; 0x7c <__bad_interrupt>
   8:	0c 94 3e 00 	jmp	0x7c	; 0x7c <__bad_interrupt>
   c:	0c 94 3e 00 	jmp	0x7c	; 0x7c <__bad_interrupt>
  10:	0c 94 3e 00 	jmp	0x7c	; 0x7c <__bad_interrupt>
  14:	0c 94 3e 00 	jmp	0x7c	; 0x7c <__bad_interrupt>
  18:	0c 94 3e 00 	jmp	0x7c	; 0x7c <__bad_interrupt>
  1c:	0c 94 3e 00 	jmp	0x7c	; 0x7c <__bad_interrupt>
  20:	0c 94 3e 00 	jmp	0x7c	; 0x7c <__bad_interrupt>
  24:	0c 94 3e 00 	jmp	0x7c	; 0x7c <__bad_interrupt>
  28:	0c 94 3e 00 	jmp	0x7c	; 0x7c <__bad_interrupt>
  2c:	0c 94 3e 00 	jmp	0x7c	; 0x7c <__bad_interrupt>
  30:	0c 94 3e 00 	jmp	0x7c	; 0x7c <__bad_interrupt>
  34:	0c 94 3e 00 	jmp	0x7c	; 0x7c <__bad_interrupt>
  38:	0c 94 3e 00 	jmp	0x7c	; 0x7c <__bad_interrupt>
  3c:	0c 94 3e 00 	jmp	0x7c	; 0x7c <__bad_interrupt>
  40:	0c 94 3e 00 	jmp	0x7c	; 0x7c <__bad_interrupt>
  44:	0c 94 3e 00 	jmp	0x7c	; 0x7c <__bad_interrupt>
  48:	0c 94 3e 00 	jmp	0x7c	; 0x7c <__bad_interrupt>
  4c:	0c 94 3e 00 	jmp	0x7c	; 0x7c <__bad_interrupt>
  50:	0c 94 3e 00 	jmp	0x7c	; 0x7c <__bad_interrupt>
  54:	0c 94 3e 00 	jmp	0x7c	; 0x7c <__bad_interrupt>
  58:	0c 94 3e 00 	jmp	0x7c	; 0x7c <__bad_interrupt>
  5c:	0c 94 3e 00 	jmp	0x7c	; 0x7c <__bad_interrupt>
  60:	0c 94 3e 00 	jmp	0x7c	; 0x7c <__bad_interrupt>
  64:	0c 94 3e 00 	jmp	0x7c	; 0x7c <__bad_interrupt>

00000068 <__ctors_end>:
  68:	11 24       	eor	r1, r1
  6a:	1f be       	out	0x3f, r1	; 63
  6c:	cf ef       	ldi	r28, 0xFF	; 255
  6e:	d8 e0       	ldi	r29, 0x08	; 8
  70:	de bf       	out	0x3e, r29	; 62
  72:	cd bf       	out	0x3d, r28	; 61
  74:	0e 94 40 00 	call	0x80	; 0x80 <main>
  78:	0c 94 70 00 	jmp	0xe0	; 0xe0 <_exit>

0000007c <__bad_interrupt>:
  7c:	0c 94 00 00 	jmp	0	; 0x0 <__vectors>

00000080 <main>:
  80:	25 9a       	sbi	0x04, 5	; 4
  82:	20 98       	cbi	0x04, 0	; 4
  84:	21 98       	cbi	0x04, 1	; 4
  86:	80 e0       	ldi	r24, 0x00	; 0
  88:	90 e0       	ldi	r25, 0x00	; 0
  8a:	33 b1       	in	r19, 0x03	; 3
  8c:	23 b1       	in	r18, 0x03	; 3
  8e:	30 fd       	sbrc	r19, 0
  90:	02 c0       	rjmp	.+4      	; 0x96 <main+0x16>
  92:	21 fd       	sbrc	r18, 1
  94:	03 c0       	rjmp	.+6      	; 0x9c <main+0x1c>
  96:	89 2b       	or	r24, r25
  98:	39 f0       	breq	.+14     	; 0xa8 <main+0x28>
  9a:	02 c0       	rjmp	.+4      	; 0xa0 <main+0x20>
  9c:	89 2b       	or	r24, r25
  9e:	21 f4       	brne	.+8      	; 0xa8 <main+0x28>
  a0:	2d 98       	cbi	0x05, 5	; 5
  a2:	80 e0       	ldi	r24, 0x00	; 0
  a4:	90 e0       	ldi	r25, 0x00	; 0
  a6:	03 c0       	rjmp	.+6      	; 0xae <main+0x2e>
  a8:	2d 9a       	sbi	0x05, 5	; 5
  aa:	81 e0       	ldi	r24, 0x01	; 1
  ac:	90 e0       	ldi	r25, 0x00	; 0
  ae:	18 9b       	sbis	0x03, 0	; 3
  b0:	07 c0       	rjmp	.+14     	; 0xc0 <main+0x40>
  b2:	ef e9       	ldi	r30, 0x9F	; 159
  b4:	ff e0       	ldi	r31, 0x0F	; 15
  b6:	31 97       	sbiw	r30, 0x01	; 1
  b8:	f1 f7       	brne	.-4      	; 0xb6 <main+0x36>
  ba:	00 c0       	rjmp	.+0      	; 0xbc <main+0x3c>
  bc:	00 00       	nop
  be:	f7 cf       	rjmp	.-18     	; 0xae <main+0x2e>
  c0:	19 99       	sbic	0x03, 1	; 3
  c2:	07 c0       	rjmp	.+14     	; 0xd2 <main+0x52>
  c4:	ef e9       	ldi	r30, 0x9F	; 159
  c6:	ff e0       	ldi	r31, 0x0F	; 15
  c8:	31 97       	sbiw	r30, 0x01	; 1
  ca:	f1 f7       	brne	.-4      	; 0xc8 <main+0x48>
  cc:	00 c0       	rjmp	.+0      	; 0xce <main+0x4e>
  ce:	00 00       	nop
  d0:	f7 cf       	rjmp	.-18     	; 0xc0 <main+0x40>
  d2:	ef e9       	ldi	r30, 0x9F	; 159
  d4:	ff e0       	ldi	r31, 0x0F	; 15
  d6:	31 97       	sbiw	r30, 0x01	; 1
  d8:	f1 f7       	brne	.-4      	; 0xd6 <main+0x56>
  da:	00 c0       	rjmp	.+0      	; 0xdc <main+0x5c>
  dc:	00 00       	nop
  de:	d5 cf       	rjmp	.-86     	; 0x8a <main+0xa>

000000e0 <_exit>:
  e0:	f8 94       	cli

000000e2 <__stop_program>:
  e2:	ff cf       	rjmp	.-2      	; 0xe2 <__stop_program>
